mode: set
sirclo/groupproject/restapi/delivery/controller/product/product.go:22.115,24.2 1 1
sirclo/groupproject/restapi/delivery/controller/product/product.go:27.70,28.36 1 0
sirclo/groupproject/restapi/delivery/controller/product/product.go:28.36,33.16 2 0
sirclo/groupproject/restapi/delivery/controller/product/product.go:37.3,39.17 2 0
sirclo/groupproject/restapi/delivery/controller/product/product.go:44.3,46.17 2 0
sirclo/groupproject/restapi/delivery/controller/product/product.go:51.3,51.17 1 0
sirclo/groupproject/restapi/delivery/controller/product/product.go:63.3,63.107 1 0
sirclo/groupproject/restapi/delivery/controller/product/product.go:33.16,35.4 1 0
sirclo/groupproject/restapi/delivery/controller/product/product.go:39.17,41.4 1 0
sirclo/groupproject/restapi/delivery/controller/product/product.go:46.17,48.4 1 0
sirclo/groupproject/restapi/delivery/controller/product/product.go:51.17,54.22 2 0
sirclo/groupproject/restapi/delivery/controller/product/product.go:54.22,56.5 1 0
sirclo/groupproject/restapi/delivery/controller/product/product.go:68.66,69.36 1 0
sirclo/groupproject/restapi/delivery/controller/product/product.go:69.36,72.17 2 0
sirclo/groupproject/restapi/delivery/controller/product/product.go:76.3,77.17 2 0
sirclo/groupproject/restapi/delivery/controller/product/product.go:81.3,81.101 1 0
sirclo/groupproject/restapi/delivery/controller/product/product.go:72.17,74.4 1 0
sirclo/groupproject/restapi/delivery/controller/product/product.go:77.17,79.4 1 0
sirclo/groupproject/restapi/delivery/controller/product/product.go:86.72,87.36 1 1
sirclo/groupproject/restapi/delivery/controller/product/product.go:87.36,90.49 2 1
sirclo/groupproject/restapi/delivery/controller/product/product.go:94.3,95.22 2 1
sirclo/groupproject/restapi/delivery/controller/product/product.go:99.3,110.17 3 1
sirclo/groupproject/restapi/delivery/controller/product/product.go:115.3,115.102 1 1
sirclo/groupproject/restapi/delivery/controller/product/product.go:90.49,92.4 1 1
sirclo/groupproject/restapi/delivery/controller/product/product.go:95.22,97.4 1 1
sirclo/groupproject/restapi/delivery/controller/product/product.go:110.17,113.4 2 0
sirclo/groupproject/restapi/delivery/controller/product/product.go:120.72,121.36 1 0
sirclo/groupproject/restapi/delivery/controller/product/product.go:121.36,124.21 2 0
sirclo/groupproject/restapi/delivery/controller/product/product.go:128.3,129.17 2 0
sirclo/groupproject/restapi/delivery/controller/product/product.go:133.3,134.22 2 0
sirclo/groupproject/restapi/delivery/controller/product/product.go:138.3,138.32 1 0
sirclo/groupproject/restapi/delivery/controller/product/product.go:142.3,143.54 2 0
sirclo/groupproject/restapi/delivery/controller/product/product.go:147.3,148.21 2 0
sirclo/groupproject/restapi/delivery/controller/product/product.go:152.3,152.99 1 0
sirclo/groupproject/restapi/delivery/controller/product/product.go:124.21,126.4 1 0
sirclo/groupproject/restapi/delivery/controller/product/product.go:129.17,131.4 1 0
sirclo/groupproject/restapi/delivery/controller/product/product.go:134.22,136.4 1 0
sirclo/groupproject/restapi/delivery/controller/product/product.go:138.32,140.4 1 0
sirclo/groupproject/restapi/delivery/controller/product/product.go:143.54,145.4 1 0
sirclo/groupproject/restapi/delivery/controller/product/product.go:148.21,150.4 1 0
sirclo/groupproject/restapi/delivery/controller/product/product.go:157.72,158.36 1 0
sirclo/groupproject/restapi/delivery/controller/product/product.go:158.36,161.21 2 0
sirclo/groupproject/restapi/delivery/controller/product/product.go:165.3,166.17 2 0
sirclo/groupproject/restapi/delivery/controller/product/product.go:170.3,171.22 2 0
sirclo/groupproject/restapi/delivery/controller/product/product.go:175.3,175.32 1 0
sirclo/groupproject/restapi/delivery/controller/product/product.go:179.3,180.21 2 0
sirclo/groupproject/restapi/delivery/controller/product/product.go:183.3,183.94 1 0
sirclo/groupproject/restapi/delivery/controller/product/product.go:161.21,163.4 1 0
sirclo/groupproject/restapi/delivery/controller/product/product.go:166.17,168.4 1 0
sirclo/groupproject/restapi/delivery/controller/product/product.go:171.22,173.4 1 0
sirclo/groupproject/restapi/delivery/controller/product/product.go:175.32,177.4 1 0
sirclo/groupproject/restapi/delivery/controller/product/product.go:180.21,182.4 1 0
