mode: set
sirclo/groupproject/restapi/delivery/controller/productCategory/productCategory.go:18.116,20.2 1 1
sirclo/groupproject/restapi/delivery/controller/productCategory/productCategory.go:23.86,24.36 1 1
sirclo/groupproject/restapi/delivery/controller/productCategory/productCategory.go:24.36,28.17 2 1
sirclo/groupproject/restapi/delivery/controller/productCategory/productCategory.go:33.3,33.107 1 1
sirclo/groupproject/restapi/delivery/controller/productCategory/productCategory.go:28.17,31.4 2 1
sirclo/groupproject/restapi/delivery/controller/product/product.go:22.115,24.2 1 1
sirclo/groupproject/restapi/delivery/controller/product/product.go:27.70,28.36 1 1
sirclo/groupproject/restapi/delivery/controller/product/product.go:28.36,33.16 2 1
sirclo/groupproject/restapi/delivery/controller/product/product.go:37.3,39.17 2 1
sirclo/groupproject/restapi/delivery/controller/product/product.go:44.3,46.17 2 1
sirclo/groupproject/restapi/delivery/controller/product/product.go:51.3,51.17 1 1
sirclo/groupproject/restapi/delivery/controller/product/product.go:63.3,63.107 1 1
sirclo/groupproject/restapi/delivery/controller/product/product.go:33.16,35.4 1 1
sirclo/groupproject/restapi/delivery/controller/product/product.go:39.17,41.4 1 0
sirclo/groupproject/restapi/delivery/controller/product/product.go:46.17,48.4 1 1
sirclo/groupproject/restapi/delivery/controller/product/product.go:51.17,54.22 2 0
sirclo/groupproject/restapi/delivery/controller/product/product.go:54.22,56.5 1 0
sirclo/groupproject/restapi/delivery/controller/product/product.go:68.66,69.36 1 1
sirclo/groupproject/restapi/delivery/controller/product/product.go:69.36,72.17 2 1
sirclo/groupproject/restapi/delivery/controller/product/product.go:76.3,77.17 2 1
sirclo/groupproject/restapi/delivery/controller/product/product.go:81.3,81.101 1 1
sirclo/groupproject/restapi/delivery/controller/product/product.go:72.17,74.4 1 1
sirclo/groupproject/restapi/delivery/controller/product/product.go:77.17,79.4 1 1
sirclo/groupproject/restapi/delivery/controller/product/product.go:86.72,87.36 1 1
sirclo/groupproject/restapi/delivery/controller/product/product.go:87.36,90.49 2 1
sirclo/groupproject/restapi/delivery/controller/product/product.go:94.3,95.22 2 1
sirclo/groupproject/restapi/delivery/controller/product/product.go:99.3,110.17 3 1
sirclo/groupproject/restapi/delivery/controller/product/product.go:115.3,115.102 1 1
sirclo/groupproject/restapi/delivery/controller/product/product.go:90.49,92.4 1 1
sirclo/groupproject/restapi/delivery/controller/product/product.go:95.22,97.4 1 1
sirclo/groupproject/restapi/delivery/controller/product/product.go:110.17,113.4 2 1
sirclo/groupproject/restapi/delivery/controller/product/product.go:120.72,121.36 1 1
sirclo/groupproject/restapi/delivery/controller/product/product.go:121.36,124.21 2 1
sirclo/groupproject/restapi/delivery/controller/product/product.go:128.3,129.17 2 1
sirclo/groupproject/restapi/delivery/controller/product/product.go:133.3,134.22 2 1
sirclo/groupproject/restapi/delivery/controller/product/product.go:138.3,138.32 1 1
sirclo/groupproject/restapi/delivery/controller/product/product.go:142.3,143.54 2 0
sirclo/groupproject/restapi/delivery/controller/product/product.go:147.3,148.21 2 0
sirclo/groupproject/restapi/delivery/controller/product/product.go:152.3,152.99 1 0
sirclo/groupproject/restapi/delivery/controller/product/product.go:124.21,126.4 1 1
sirclo/groupproject/restapi/delivery/controller/product/product.go:129.17,131.4 1 1
sirclo/groupproject/restapi/delivery/controller/product/product.go:134.22,136.4 1 1
sirclo/groupproject/restapi/delivery/controller/product/product.go:138.32,140.4 1 1
sirclo/groupproject/restapi/delivery/controller/product/product.go:143.54,145.4 1 0
sirclo/groupproject/restapi/delivery/controller/product/product.go:148.21,150.4 1 0
sirclo/groupproject/restapi/delivery/controller/product/product.go:157.72,158.36 1 1
sirclo/groupproject/restapi/delivery/controller/product/product.go:158.36,161.21 2 1
sirclo/groupproject/restapi/delivery/controller/product/product.go:165.3,166.17 2 1
sirclo/groupproject/restapi/delivery/controller/product/product.go:170.3,171.22 2 1
sirclo/groupproject/restapi/delivery/controller/product/product.go:175.3,175.32 1 1
sirclo/groupproject/restapi/delivery/controller/product/product.go:179.3,180.21 2 1
sirclo/groupproject/restapi/delivery/controller/product/product.go:183.3,183.94 1 0
sirclo/groupproject/restapi/delivery/controller/product/product.go:161.21,163.4 1 1
sirclo/groupproject/restapi/delivery/controller/product/product.go:166.17,168.4 1 1
sirclo/groupproject/restapi/delivery/controller/product/product.go:171.22,173.4 1 0
sirclo/groupproject/restapi/delivery/controller/product/product.go:175.32,177.4 1 1
sirclo/groupproject/restapi/delivery/controller/product/product.go:180.21,182.4 1 1
sirclo/groupproject/restapi/delivery/controller/user/user.go:22.70,24.2 1 1
sirclo/groupproject/restapi/delivery/controller/user/user.go:27.63,28.36 1 1
sirclo/groupproject/restapi/delivery/controller/user/user.go:28.36,31.17 2 1
sirclo/groupproject/restapi/delivery/controller/user/user.go:36.3,38.17 2 1
sirclo/groupproject/restapi/delivery/controller/user/user.go:42.3,43.17 2 1
sirclo/groupproject/restapi/delivery/controller/user/user.go:47.3,47.117 1 1
sirclo/groupproject/restapi/delivery/controller/user/user.go:31.17,33.4 1 1
sirclo/groupproject/restapi/delivery/controller/user/user.go:38.17,40.4 1 1
sirclo/groupproject/restapi/delivery/controller/user/user.go:43.17,45.4 1 1
sirclo/groupproject/restapi/delivery/controller/user/user.go:52.66,53.36 1 1
sirclo/groupproject/restapi/delivery/controller/user/user.go:53.36,56.46 2 1
sirclo/groupproject/restapi/delivery/controller/user/user.go:59.3,62.24 3 1
sirclo/groupproject/restapi/delivery/controller/user/user.go:66.3,78.17 3 1
sirclo/groupproject/restapi/delivery/controller/user/user.go:82.3,82.99 1 1
sirclo/groupproject/restapi/delivery/controller/user/user.go:56.46,58.4 1 1
sirclo/groupproject/restapi/delivery/controller/user/user.go:62.24,64.4 1 0
sirclo/groupproject/restapi/delivery/controller/user/user.go:78.17,80.4 1 1
sirclo/groupproject/restapi/delivery/controller/user/user.go:87.66,88.36 1 1
sirclo/groupproject/restapi/delivery/controller/user/user.go:88.36,91.17 2 1
sirclo/groupproject/restapi/delivery/controller/user/user.go:96.3,97.21 2 1
sirclo/groupproject/restapi/delivery/controller/user/user.go:101.3,102.47 2 1
sirclo/groupproject/restapi/delivery/controller/user/user.go:105.3,108.24 3 1
sirclo/groupproject/restapi/delivery/controller/user/user.go:111.3,114.23 3 1
sirclo/groupproject/restapi/delivery/controller/user/user.go:118.3,118.99 1 1
sirclo/groupproject/restapi/delivery/controller/user/user.go:91.17,93.4 1 1
sirclo/groupproject/restapi/delivery/controller/user/user.go:97.21,99.4 1 1
sirclo/groupproject/restapi/delivery/controller/user/user.go:102.47,104.4 1 1
sirclo/groupproject/restapi/delivery/controller/user/user.go:108.24,110.4 1 0
sirclo/groupproject/restapi/delivery/controller/user/user.go:114.23,116.4 1 1
sirclo/groupproject/restapi/delivery/controller/user/user.go:123.66,124.36 1 1
sirclo/groupproject/restapi/delivery/controller/user/user.go:124.36,127.17 2 1
sirclo/groupproject/restapi/delivery/controller/user/user.go:132.3,133.21 2 1
sirclo/groupproject/restapi/delivery/controller/user/user.go:137.3,138.23 2 1
sirclo/groupproject/restapi/delivery/controller/user/user.go:142.3,142.94 1 1
sirclo/groupproject/restapi/delivery/controller/user/user.go:127.17,129.4 1 1
sirclo/groupproject/restapi/delivery/controller/user/user.go:133.21,135.4 1 1
sirclo/groupproject/restapi/delivery/controller/user/user.go:138.23,140.4 1 1
